app/build/outputs/logs/manifest-merger-debug-report.txt
-- Merging decision tree log ---
manifest
ADDED from AndroidManifest.xml:1:1
	package
		ADDED from AndroidManifest.xml:2:5
		INJECTED from AndroidManifest.xml:0:0
		INJECTED from AndroidManifest.xml:0:0
	android:versionName
		INJECTED from AndroidManifest.xml:0:0
		INJECTED from AndroidManifest.xml:0:0
	xmlns:android
		ADDED from AndroidManifest.xml:1:11
	android:versionCode
		INJECTED from AndroidManifest.xml:0:0
		INJECTED from AndroidManifest.xml:0:0
uses-permission#android.permission.INTERNET
ADDED from AndroidManifest.xml:3:5
	android:name
		ADDED from AndroidManifest.xml:3:22
uses-permission#android.permission.ACCESS_NETWORK_STATE
ADDED from AndroidManifest.xml:4:5
	android:name
		ADDED from AndroidManifest.xml:4:22
uses-permission#android.permission.ACCESS_WIFI_STATE
ADDED from AndroidManifest.xml:5:5
	android:name
		ADDED from AndroidManifest.xml:5:22
supports-screens
ADDED from AndroidManifest.xml:6:5
	android:compatibleWidthLimitDp
		ADDED from AndroidManifest.xml:13:5
	android:largeScreens
		ADDED from AndroidManifest.xml:9:5
	android:smallScreens
		ADDED from AndroidManifest.xml:7:5
	android:normalScreens
		ADDED from AndroidManifest.xml:8:5
	android:requiresSmallestWidthDp
		ADDED from AndroidManifest.xml:12:5
	android:xlargeScreens
		ADDED from AndroidManifest.xml:10:5
	android:resizeable
		ADDED from AndroidManifest.xml:6:23
	android:anyDensity
		ADDED from AndroidManifest.xml:11:5
	android:largestWidthLimitDp
		ADDED from AndroidManifest.xml:14:5
application
ADDED from AndroidManifest.xml:15:5
MERGED from com.android.support:appcompat-v7:22.2.1:22:5
MERGED from com.android.support:support-v4:22.2.1:22:5
MERGED from com.android.support:support-v4:22.2.1:22:5
MERGED from com.android.support:cardview-v7:22.2.1:22:5
MERGED from com.android.support:design:22.2.0:22:5
MERGED from com.android.support:appcompat-v7:22.2.1:22:5
MERGED from com.android.support:support-v4:22.2.1:22:5
MERGED from com.android.support:support-v4:22.2.1:22:5
MERGED from com.neno0o.lighttextview:lib:1.1:11:5
MERGED from com.android.support:appcompat-v7:22.2.1:22:5
MERGED from com.android.support:support-v4:22.2.1:22:5
MERGED from com.github.johnkil.android-robototextview:robototextview:2.4.0:12:5
MERGED from com.android.support:appcompat-v7:22.2.1:22:5
MERGED from com.android.support:support-v4:22.2.1:22:5
MERGED from com.github.medyo:fancybuttons:1.5:11:5
	android:label
		ADDED from AndroidManifest.xml:15:45
	android:allowBackup
		ADDED from AndroidManifest.xml:15:18
	android:icon
		ADDED from AndroidManifest.xml:16:9
	android:theme
		ADDED from AndroidManifest.xml:16:39
activity#com.lingme.anand.lingme.Activity.SplashActivity
ADDED from AndroidManifest.xml:17:9
	android:screenOrientation
		ADDED from AndroidManifest.xml:22:13
	android:label
		ADDED from AndroidManifest.xml:19:13
	android:configChanges
		ADDED from AndroidManifest.xml:21:13
	android:theme
		ADDED from AndroidManifest.xml:20:13
	android:name
		ADDED from AndroidManifest.xml:18:13
intent-filter#android.intent.action.MAIN+android.intent.category.LAUNCHER
ADDED from AndroidManifest.xml:23:13
action#android.intent.action.MAIN
ADDED from AndroidManifest.xml:24:17
	android:name
		ADDED from AndroidManifest.xml:24:25
category#android.intent.category.LAUNCHER
ADDED from AndroidManifest.xml:25:17
	android:name
		ADDED from AndroidManifest.xml:25:27
activity#com.lingme.anand.lingme.Activity.HomeActivity
ADDED from AndroidManifest.xml:29:9
	android:screenOrientation
		ADDED from AndroidManifest.xml:33:13
	android:configChanges
		ADDED from AndroidManifest.xml:32:13
	android:theme
		ADDED from AndroidManifest.xml:31:13
	android:name
		ADDED from AndroidManifest.xml:30:13
intent-filter#android.intent.category.DEFAULT+com.lingme.anand.lingme.Activity.HomeActivity
ADDED from AndroidManifest.xml:34:13
action#com.lingme.anand.lingme.Activity.HomeActivity
ADDED from AndroidManifest.xml:35:17
	android:name
		ADDED from AndroidManifest.xml:35:25
category#android.intent.category.DEFAULT
ADDED from AndroidManifest.xml:36:17
	android:name
		ADDED from AndroidManifest.xml:36:27
activity#com.lingme.anand.lingme.Activity.DetailsActivity
ADDED from AndroidManifest.xml:40:9
	android:screenOrientation
		ADDED from AndroidManifest.xml:44:13
	android:configChanges
		ADDED from AndroidManifest.xml:43:13
	android:theme
		ADDED from AndroidManifest.xml:42:13
	android:name
		ADDED from AndroidManifest.xml:41:13
intent-filter#android.intent.category.DEFAULT+com.lingme.anand.lingme.Activity.DetailsActivity
ADDED from AndroidManifest.xml:45:13
action#com.lingme.anand.lingme.Activity.DetailsActivity
ADDED from AndroidManifest.xml:46:17
	android:name
		ADDED from AndroidManifest.xml:46:25
receiver#com.lingme.anand.lingme.Activity.CheckConnectivity
ADDED from AndroidManifest.xml:51:9
	android:name
		ADDED from AndroidManifest.xml:51:19
intent-filter#android.net.conn.CONNECTIVITY_CHANGE
ADDED from AndroidManifest.xml:52:13
action#android.net.conn.CONNECTIVITY_CHANGE
ADDED from AndroidManifest.xml:53:17
	android:name
		ADDED from AndroidManifest.xml:53:25
uses-sdk
INJECTED from AndroidManifest.xml:0:0 reason: use-sdk injection requested
MERGED from com.android.support:appcompat-v7:22.2.1:20:5
MERGED from com.android.support:support-v4:22.2.1:20:5
MERGED from me.relex:circleindicator:1.1.5:8:5
MERGED from com.android.support:recyclerview-v7:22.2.1:20:5
MERGED from com.android.support:support-v4:22.2.1:20:5
MERGED from com.android.support:cardview-v7:22.2.1:20:5
MERGED from com.android.support:design:22.2.0:20:5
MERGED from com.android.support:appcompat-v7:22.2.1:20:5
MERGED from com.android.support:support-v4:22.2.1:20:5
MERGED from com.android.support:support-v4:22.2.1:20:5
MERGED from com.neno0o.lighttextview:lib:1.1:7:5
MERGED from com.android.support:appcompat-v7:22.2.1:20:5
MERGED from com.android.support:support-v4:22.2.1:20:5
MERGED from com.github.johnkil.android-robototextview:robototextview:2.4.0:8:5
MERGED from com.android.support:appcompat-v7:22.2.1:20:5
MERGED from com.android.support:support-v4:22.2.1:20:5
MERGED from com.github.medyo:fancybuttons:1.5:7:5
MERGED from me.leolin:ShortcutBadger:1.1.4:7:5
MERGED from com.mikepenz:actionitembadge:3.2.2:8:5
MERGED from com.mikepenz:iconics-core:2.5.8:8:5
	android:targetSdkVersion
		INJECTED from AndroidManifest.xml:0:0
		INJECTED from AndroidManifest.xml:0:0
	android:minSdkVersion
		INJECTED from AndroidManifest.xml:0:0
		INJECTED from AndroidManifest.xml:0:0
uses-permission#com.sec.android.provider.badge.permission.READ
ADDED from me.leolin:ShortcutBadger:1.1.4:19:5
	android:name
		ADDED from me.leolin:ShortcutBadger:1.1.4:19:22
uses-permission#com.sec.android.provider.badge.permission.WRITE
ADDED from me.leolin:ShortcutBadger:1.1.4:20:5
	android:name
		ADDED from me.leolin:ShortcutBadger:1.1.4:20:22
uses-permission#com.htc.launcher.permission.READ_SETTINGS
ADDED from me.leolin:ShortcutBadger:1.1.4:23:5
	android:name
		ADDED from me.leolin:ShortcutBadger:1.1.4:23:22
uses-permission#com.htc.launcher.permission.UPDATE_SHORTCUT
ADDED from me.leolin:ShortcutBadger:1.1.4:24:5
	android:name
		ADDED from me.leolin:ShortcutBadger:1.1.4:24:22
uses-permission#com.sonyericsson.home.permission.BROADCAST_BADGE
ADDED from me.leolin:ShortcutBadger:1.1.4:27:5
	android:name
		ADDED from me.leolin:ShortcutBadger:1.1.4:27:22
uses-permission#com.anddoes.launcher.permission.UPDATE_COUNT
ADDED from me.leolin:ShortcutBadger:1.1.4:30:5
	android:name
		ADDED from me.leolin:ShortcutBadger:1.1.4:30:22
uses-permission#com.majeur.launcher.permission.UPDATE_BADGE
ADDED from me.leolin:ShortcutBadger:1.1.4:33:5
	android:name
		ADDED from me.leolin:ShortcutBadger:1.1.4:33:22